2025/08/05 06:11:25 [emerg] 1#1: host not found in upstream "api-gateway:3000" in /etc/nginx/conf.d/default.conf:3
2025/08/05 06:11:27 [warn] 1#1: the "listen ... http2" directive is deprecated, use the "http2" directive instead in /etc/nginx/conf.d/default.conf:128
2025/08/05 06:11:27 [emerg] 1#1: open() "/etc/nginx/conf.d/common.conf" failed (2: No such file or directory) in /etc/nginx/conf.d/default.conf:147
2025/08/05 06:11:28 [warn] 1#1: the "listen ... http2" directive is deprecated, use the "http2" directive instead in /etc/nginx/conf.d/default.conf:128
2025/08/05 06:11:28 [emerg] 1#1: open() "/etc/nginx/conf.d/common.conf" failed (2: No such file or directory) in /etc/nginx/conf.d/default.conf:147
2025/08/05 06:11:29 [warn] 1#1: the "listen ... http2" directive is deprecated, use the "http2" directive instead in /etc/nginx/conf.d/default.conf:128
2025/08/05 06:11:29 [emerg] 1#1: open() "/etc/nginx/conf.d/common.conf" failed (2: No such file or directory) in /etc/nginx/conf.d/default.conf:147
2025/08/05 06:11:30 [warn] 1#1: the "listen ... http2" directive is deprecated, use the "http2" directive instead in /etc/nginx/conf.d/default.conf:128
2025/08/05 06:11:30 [emerg] 1#1: open() "/etc/nginx/conf.d/common.conf" failed (2: No such file or directory) in /etc/nginx/conf.d/default.conf:147
2025/08/05 06:11:38 [warn] 1#1: the "listen ... http2" directive is deprecated, use the "http2" directive instead in /etc/nginx/conf.d/default.conf:128
2025/08/05 06:11:38 [emerg] 1#1: open() "/etc/nginx/conf.d/common.conf" failed (2: No such file or directory) in /etc/nginx/conf.d/default.conf:147
2025/08/05 06:11:41 [warn] 1#1: the "listen ... http2" directive is deprecated, use the "http2" directive instead in /etc/nginx/conf.d/default.conf:128
2025/08/05 06:11:41 [emerg] 1#1: open() "/etc/nginx/conf.d/common.conf" failed (2: No such file or directory) in /etc/nginx/conf.d/default.conf:147
2025/08/05 06:11:48 [emerg] 1#1: host not found in upstream "api-gateway:3000" in /etc/nginx/conf.d/default.conf:3
2025/08/05 06:12:02 [warn] 1#1: the "listen ... http2" directive is deprecated, use the "http2" directive instead in /etc/nginx/conf.d/default.conf:128
2025/08/05 06:12:02 [emerg] 1#1: open() "/etc/nginx/conf.d/common.conf" failed (2: No such file or directory) in /etc/nginx/conf.d/default.conf:147
2025/08/05 06:12:25 [warn] 1#1: the "listen ... http2" directive is deprecated, use the "http2" directive instead in /etc/nginx/conf.d/default.conf:128
2025/08/05 06:12:25 [emerg] 1#1: open() "/etc/nginx/conf.d/common.conf" failed (2: No such file or directory) in /etc/nginx/conf.d/default.conf:147
2025/08/05 06:13:20 [emerg] 1#1: host not found in upstream "api-gateway:3000" in /etc/nginx/conf.d/default.conf:3
2025/08/05 06:16:12 [emerg] 1#1: host not found in upstream "api-gateway:3000" in /etc/nginx/conf.d/default.conf:3
2025/08/05 06:16:14 [notice] 1#1: using the "epoll" event method
2025/08/05 06:16:14 [notice] 1#1: nginx/1.29.0
2025/08/05 06:16:14 [notice] 1#1: built by gcc 14.2.0 (Alpine 14.2.0) 
2025/08/05 06:16:14 [notice] 1#1: OS: Linux 5.15.167.4-microsoft-standard-WSL2
2025/08/05 06:16:14 [notice] 1#1: getrlimit(RLIMIT_NOFILE): 1048576:1048576
2025/08/05 06:16:14 [notice] 1#1: start worker processes
2025/08/05 06:16:14 [notice] 1#1: start worker process 29
2025/08/05 06:16:14 [notice] 1#1: start worker process 30
2025/08/05 06:16:14 [notice] 1#1: start worker process 31
2025/08/05 06:16:14 [notice] 1#1: start worker process 32
2025/08/05 06:16:14 [notice] 1#1: start worker process 33
2025/08/05 06:16:14 [notice] 1#1: start worker process 34
2025/08/05 06:16:14 [notice] 1#1: start worker process 35
2025/08/05 06:16:14 [notice] 1#1: start worker process 36
2025/08/05 06:16:14 [notice] 1#1: start worker process 37
2025/08/05 06:16:14 [notice] 1#1: start worker process 38
2025/08/05 06:16:14 [notice] 1#1: start worker process 39
2025/08/05 06:16:14 [notice] 1#1: start worker process 40
2025/08/05 06:16:14 [notice] 1#1: start worker process 41
2025/08/05 06:16:14 [notice] 1#1: start worker process 42
2025/08/05 06:16:14 [notice] 1#1: start worker process 43
2025/08/05 06:16:14 [notice] 1#1: start worker process 44
2025/08/05 06:16:14 [notice] 1#1: start worker process 45
2025/08/05 06:16:14 [notice] 1#1: start worker process 46
2025/08/05 06:18:37 [notice] 1#1: signal 3 (SIGQUIT) received, shutting down
2025/08/05 06:18:37 [notice] 36#36: gracefully shutting down
2025/08/05 06:18:37 [notice] 37#37: gracefully shutting down
2025/08/05 06:18:37 [notice] 36#36: exiting
2025/08/05 06:18:37 [notice] 41#41: gracefully shutting down
2025/08/05 06:18:37 [notice] 29#29: gracefully shutting down
2025/08/05 06:18:37 [notice] 30#30: gracefully shutting down
2025/08/05 06:18:37 [notice] 33#33: gracefully shutting down
2025/08/05 06:18:37 [notice] 40#40: gracefully shutting down
2025/08/05 06:18:37 [notice] 32#32: gracefully shutting down
2025/08/05 06:18:37 [notice] 32#32: exiting
2025/08/05 06:18:37 [notice] 35#35: gracefully shutting down
2025/08/05 06:18:37 [notice] 35#35: exiting
2025/08/05 06:18:37 [notice] 38#38: gracefully shutting down
2025/08/05 06:18:37 [notice] 39#39: gracefully shutting down
2025/08/05 06:18:37 [notice] 44#44: gracefully shutting down
2025/08/05 06:18:37 [notice] 44#44: exiting
2025/08/05 06:18:37 [notice] 37#37: exiting
2025/08/05 06:18:37 [notice] 44#44: exit
2025/08/05 06:18:37 [notice] 46#46: gracefully shutting down
2025/08/05 06:18:37 [notice] 37#37: exit
2025/08/05 06:18:37 [notice] 36#36: exit
2025/08/05 06:18:37 [notice] 42#42: gracefully shutting down
2025/08/05 06:18:37 [notice] 42#42: exiting
2025/08/05 06:18:37 [notice] 30#30: exiting
2025/08/05 06:18:37 [notice] 42#42: exit
2025/08/05 06:18:37 [notice] 33#33: exiting
2025/08/05 06:18:37 [notice] 31#31: gracefully shutting down
2025/08/05 06:18:37 [notice] 33#33: exit
2025/08/05 06:18:37 [notice] 40#40: exiting
2025/08/05 06:18:37 [notice] 34#34: gracefully shutting down
2025/08/05 06:18:37 [notice] 40#40: exit
2025/08/05 06:18:37 [notice] 34#34: exiting
2025/08/05 06:18:37 [notice] 34#34: exit
2025/08/05 06:18:37 [notice] 32#32: exit
2025/08/05 06:18:37 [notice] 35#35: exit
2025/08/05 06:18:37 [notice] 39#39: exiting
2025/08/05 06:18:37 [notice] 39#39: exit
2025/08/05 06:18:37 [notice] 41#41: exiting
2025/08/05 06:18:37 [notice] 41#41: exit
2025/08/05 06:18:37 [notice] 30#30: exit
2025/08/05 06:18:37 [notice] 43#43: gracefully shutting down
2025/08/05 06:18:37 [notice] 38#38: exiting
2025/08/05 06:18:37 [notice] 38#38: exit
2025/08/05 06:18:37 [notice] 43#43: exiting
2025/08/05 06:18:37 [notice] 43#43: exit
2025/08/05 06:18:37 [notice] 45#45: gracefully shutting down
2025/08/05 06:18:37 [notice] 45#45: exiting
2025/08/05 06:18:37 [notice] 29#29: exiting
2025/08/05 06:18:37 [notice] 31#31: exiting
2025/08/05 06:18:37 [notice] 45#45: exit
2025/08/05 06:18:37 [notice] 29#29: exit
2025/08/05 06:18:37 [notice] 31#31: exit
2025/08/05 06:18:37 [notice] 46#46: exiting
2025/08/05 06:18:37 [notice] 46#46: exit
2025/08/05 06:18:37 [notice] 1#1: signal 17 (SIGCHLD) received from 38
2025/08/05 06:18:37 [notice] 1#1: worker process 38 exited with code 0
2025/08/05 06:18:37 [notice] 1#1: worker process 39 exited with code 0
2025/08/05 06:18:37 [notice] 1#1: signal 29 (SIGIO) received
2025/08/05 06:18:37 [notice] 1#1: signal 17 (SIGCHLD) received from 34
2025/08/05 06:18:37 [notice] 1#1: worker process 34 exited with code 0
2025/08/05 06:18:37 [notice] 1#1: signal 29 (SIGIO) received
2025/08/05 06:18:37 [notice] 1#1: signal 17 (SIGCHLD) received from 33
2025/08/05 06:18:37 [notice] 1#1: worker process 33 exited with code 0
2025/08/05 06:18:37 [notice] 1#1: worker process 35 exited with code 0
2025/08/05 06:18:37 [notice] 1#1: worker process 36 exited with code 0
2025/08/05 06:18:37 [notice] 1#1: worker process 37 exited with code 0
2025/08/05 06:18:37 [notice] 1#1: worker process 41 exited with code 0
2025/08/05 06:18:37 [notice] 1#1: worker process 42 exited with code 0
2025/08/05 06:18:37 [notice] 1#1: worker process 45 exited with code 0
2025/08/05 06:18:37 [notice] 1#1: signal 29 (SIGIO) received
2025/08/05 06:18:37 [notice] 1#1: signal 17 (SIGCHLD) received from 45
2025/08/05 06:18:37 [notice] 1#1: worker process 32 exited with code 0
2025/08/05 06:18:37 [notice] 1#1: signal 29 (SIGIO) received
2025/08/05 06:18:37 [notice] 1#1: signal 17 (SIGCHLD) received from 40
2025/08/05 06:18:37 [notice] 1#1: worker process 29 exited with code 0
2025/08/05 06:18:37 [notice] 1#1: worker process 30 exited with code 0
2025/08/05 06:18:37 [notice] 1#1: worker process 40 exited with code 0
2025/08/05 06:18:37 [notice] 1#1: worker process 43 exited with code 0
2025/08/05 06:18:37 [notice] 1#1: signal 29 (SIGIO) received
2025/08/05 06:18:37 [notice] 1#1: signal 17 (SIGCHLD) received from 44
2025/08/05 06:18:37 [notice] 1#1: worker process 44 exited with code 0
2025/08/05 06:18:37 [notice] 1#1: worker process 46 exited with code 0
2025/08/05 06:18:37 [notice] 1#1: signal 29 (SIGIO) received
2025/08/05 06:18:37 [notice] 1#1: signal 17 (SIGCHLD) received from 31
2025/08/05 06:18:37 [notice] 1#1: worker process 31 exited with code 0
2025/08/05 06:18:37 [notice] 1#1: exit
2025/08/05 06:18:40 [notice] 1#1: using the "epoll" event method
2025/08/05 06:18:40 [notice] 1#1: nginx/1.29.0
2025/08/05 06:18:40 [notice] 1#1: built by gcc 14.2.0 (Alpine 14.2.0) 
2025/08/05 06:18:40 [notice] 1#1: OS: Linux 5.15.167.4-microsoft-standard-WSL2
2025/08/05 06:18:40 [notice] 1#1: getrlimit(RLIMIT_NOFILE): 1048576:1048576
2025/08/05 06:18:40 [notice] 1#1: start worker processes
2025/08/05 06:18:40 [notice] 1#1: start worker process 29
2025/08/05 06:18:40 [notice] 1#1: start worker process 30
2025/08/05 06:18:40 [notice] 1#1: start worker process 31
2025/08/05 06:18:40 [notice] 1#1: start worker process 32
2025/08/05 06:18:40 [notice] 1#1: start worker process 33
2025/08/05 06:18:40 [notice] 1#1: start worker process 34
2025/08/05 06:18:40 [notice] 1#1: start worker process 35
2025/08/05 06:18:40 [notice] 1#1: start worker process 36
2025/08/05 06:18:40 [notice] 1#1: start worker process 37
2025/08/05 06:18:40 [notice] 1#1: start worker process 38
2025/08/05 06:18:40 [notice] 1#1: start worker process 39
2025/08/05 06:18:40 [notice] 1#1: start worker process 40
2025/08/05 06:18:40 [notice] 1#1: start worker process 41
2025/08/05 06:18:40 [notice] 1#1: start worker process 42
2025/08/05 06:18:40 [notice] 1#1: start worker process 43
2025/08/05 06:18:40 [notice] 1#1: start worker process 44
2025/08/05 06:18:40 [notice] 1#1: start worker process 45
2025/08/05 06:18:40 [notice] 1#1: start worker process 46
2025/08/05 06:32:54 [notice] 1#1: signal 3 (SIGQUIT) received, shutting down
2025/08/05 06:32:54 [notice] 31#31: gracefully shutting down
2025/08/05 06:32:54 [notice] 29#29: gracefully shutting down
2025/08/05 06:32:54 [notice] 29#29: exiting
2025/08/05 06:32:54 [notice] 33#33: gracefully shutting down
2025/08/05 06:32:54 [notice] 30#30: gracefully shutting down
2025/08/05 06:32:54 [notice] 37#37: gracefully shutting down
2025/08/05 06:32:54 [notice] 30#30: exiting
2025/08/05 06:32:54 [notice] 37#37: exiting
2025/08/05 06:32:54 [notice] 30#30: exit
2025/08/05 06:32:54 [notice] 37#37: exit
2025/08/05 06:32:54 [notice] 34#34: gracefully shutting down
2025/08/05 06:32:54 [notice] 29#29: exit
2025/08/05 06:32:54 [notice] 34#34: exiting
2025/08/05 06:32:54 [notice] 32#32: gracefully shutting down
2025/08/05 06:32:54 [notice] 34#34: exit
2025/08/05 06:32:54 [notice] 32#32: exiting
2025/08/05 06:32:54 [notice] 32#32: exit
2025/08/05 06:32:54 [notice] 31#31: exiting
2025/08/05 06:32:54 [notice] 31#31: exit
2025/08/05 06:32:54 [notice] 36#36: gracefully shutting down
2025/08/05 06:32:54 [notice] 45#45: gracefully shutting down
2025/08/05 06:32:54 [notice] 40#40: gracefully shutting down
2025/08/05 06:32:54 [notice] 35#35: gracefully shutting down
2025/08/05 06:32:54 [notice] 33#33: exiting
2025/08/05 06:32:54 [notice] 33#33: exit
2025/08/05 06:32:54 [notice] 45#45: exiting
2025/08/05 06:32:54 [notice] 45#45: exit
2025/08/05 06:32:54 [notice] 39#39: gracefully shutting down
2025/08/05 06:32:54 [notice] 41#41: gracefully shutting down
2025/08/05 06:32:54 [notice] 39#39: exiting
2025/08/05 06:32:54 [notice] 46#46: gracefully shutting down
2025/08/05 06:32:54 [notice] 43#43: gracefully shutting down
2025/08/05 06:32:54 [notice] 43#43: exiting
2025/08/05 06:32:54 [notice] 43#43: exit
2025/08/05 06:32:54 [notice] 36#36: exiting
2025/08/05 06:32:54 [notice] 36#36: exit
2025/08/05 06:32:54 [notice] 44#44: gracefully shutting down
2025/08/05 06:32:54 [notice] 44#44: exiting
2025/08/05 06:32:54 [notice] 44#44: exit
2025/08/05 06:32:54 [notice] 35#35: exiting
2025/08/05 06:32:54 [notice] 35#35: exit
2025/08/05 06:32:54 [notice] 39#39: exit
2025/08/05 06:32:54 [notice] 41#41: exiting
2025/08/05 06:32:54 [notice] 41#41: exit
2025/08/05 06:32:54 [notice] 38#38: gracefully shutting down
2025/08/05 06:32:54 [notice] 38#38: exiting
2025/08/05 06:32:54 [notice] 38#38: exit
2025/08/05 06:32:54 [notice] 46#46: exiting
2025/08/05 06:32:54 [notice] 46#46: exit
2025/08/05 06:32:54 [notice] 40#40: exiting
2025/08/05 06:32:54 [notice] 40#40: exit
2025/08/05 06:32:54 [notice] 42#42: gracefully shutting down
2025/08/05 06:32:54 [notice] 42#42: exiting
2025/08/05 06:32:54 [notice] 42#42: exit
2025/08/05 06:32:54 [notice] 1#1: signal 17 (SIGCHLD) received from 37
2025/08/05 06:32:54 [notice] 1#1: worker process 37 exited with code 0
2025/08/05 06:32:54 [notice] 1#1: signal 29 (SIGIO) received
2025/08/05 06:32:54 [notice] 1#1: signal 17 (SIGCHLD) received from 31
2025/08/05 06:32:54 [notice] 1#1: worker process 31 exited with code 0
2025/08/05 06:32:54 [notice] 1#1: worker process 42 exited with code 0
2025/08/05 06:32:54 [notice] 1#1: worker process 45 exited with code 0
2025/08/05 06:32:54 [notice] 1#1: signal 29 (SIGIO) received
2025/08/05 06:32:54 [notice] 1#1: signal 17 (SIGCHLD) received from 29
2025/08/05 06:32:54 [notice] 1#1: worker process 29 exited with code 0
2025/08/05 06:32:54 [notice] 1#1: worker process 30 exited with code 0
2025/08/05 06:32:54 [notice] 1#1: worker process 32 exited with code 0
2025/08/05 06:32:54 [notice] 1#1: worker process 33 exited with code 0
2025/08/05 06:32:54 [notice] 1#1: worker process 35 exited with code 0
2025/08/05 06:32:54 [notice] 1#1: worker process 36 exited with code 0
2025/08/05 06:32:54 [notice] 1#1: worker process 40 exited with code 0
2025/08/05 06:32:54 [notice] 1#1: worker process 41 exited with code 0
2025/08/05 06:32:54 [notice] 1#1: worker process 43 exited with code 0
2025/08/05 06:32:54 [notice] 1#1: worker process 46 exited with code 0
2025/08/05 06:32:54 [notice] 1#1: signal 29 (SIGIO) received
2025/08/05 06:32:54 [notice] 1#1: signal 17 (SIGCHLD) received from 44
2025/08/05 06:32:54 [notice] 1#1: worker process 44 exited with code 0
2025/08/05 06:32:54 [notice] 1#1: signal 29 (SIGIO) received
2025/08/05 06:32:54 [notice] 1#1: signal 17 (SIGCHLD) received from 38
2025/08/05 06:32:54 [notice] 1#1: worker process 34 exited with code 0
2025/08/05 06:32:54 [notice] 1#1: worker process 38 exited with code 0
2025/08/05 06:32:54 [notice] 1#1: worker process 39 exited with code 0
2025/08/05 06:32:54 [notice] 1#1: exit
